<?xml version="1.0" encoding="UTF-8"?>
<testng-results ignored="0" total="6" passed="6" failed="0" skipped="0">
  <reporter-output>
  </reporter-output>
  <suite started-at="2021-05-10T17:08:08 IST" name="Suite" finished-at="2021-05-10T17:09:23 IST" duration-ms="74358">
    <groups>
    </groups>
    <test started-at="2021-05-10T17:08:08 IST" name="Test" finished-at="2021-05-10T17:09:23 IST" duration-ms="74358">
      <class name="OpencartTestClass.TC001_Registeration">
        <test-method is-config="true" signature="initiatizedriver()[pri:0, instance:OpencartTestClass.TC001_Registeration@6b88ca8c]" started-at="2021-05-10T17:08:03 IST" name="initiatizedriver" finished-at="2021-05-10T17:08:08 IST" duration-ms="4867" status="PASS">
          <reporter-output>
          </reporter-output>
        </test-method> <!-- initiatizedriver -->
        <test-method is-config="true" signature="launchURL()[pri:0, instance:OpencartTestClass.TC001_Registeration@6b88ca8c]" started-at="2021-05-10T17:08:08 IST" name="launchURL" finished-at="2021-05-10T17:08:11 IST" duration-ms="2370" status="PASS">
          <reporter-output>
          </reporter-output>
        </test-method> <!-- launchURL -->
        <test-method signature="accountregister()[pri:0, instance:OpencartTestClass.TC001_Registeration@6b88ca8c]" started-at="2021-05-10T17:08:11 IST" name="accountregister" finished-at="2021-05-10T17:08:20 IST" duration-ms="9180" status="PASS">
          <reporter-output>
          </reporter-output>
        </test-method> <!-- accountregister -->
        <test-method signature="accountregistermismatch()[pri:1, instance:OpencartTestClass.TC001_Registeration@6b88ca8c]" started-at="2021-05-10T17:08:20 IST" name="accountregistermismatch" finished-at="2021-05-10T17:08:32 IST" duration-ms="12071" status="PASS">
          <reporter-output>
          </reporter-output>
        </test-method> <!-- accountregistermismatch -->
        <test-method signature="login()[pri:2, instance:OpencartTestClass.TC001_Registeration@6b88ca8c]" started-at="2021-05-10T17:08:32 IST" name="login" finished-at="2021-05-10T17:08:36 IST" duration-ms="4301" status="PASS">
          <reporter-output>
          </reporter-output>
        </test-method> <!-- login -->
        <test-method signature="Iphoneaddtocart()[pri:3, instance:OpencartTestClass.TC001_Registeration@6b88ca8c]" started-at="2021-05-10T17:08:36 IST" name="Iphoneaddtocart" finished-at="2021-05-10T17:08:58 IST" duration-ms="22042" status="PASS">
          <reporter-output>
          </reporter-output>
        </test-method> <!-- Iphoneaddtocart -->
        <test-method signature="HPlaptop()[pri:4, instance:OpencartTestClass.TC001_Registeration@6b88ca8c]" started-at="2021-05-10T17:08:58 IST" name="HPlaptop" finished-at="2021-05-10T17:09:05 IST" duration-ms="6290" status="PASS">
          <reporter-output>
          </reporter-output>
        </test-method> <!-- HPlaptop -->
        <test-method signature="entercouponcode()[pri:4, instance:OpencartTestClass.TC001_Registeration@6b88ca8c]" started-at="2021-05-10T17:09:05 IST" name="entercouponcode" finished-at="2021-05-10T17:09:23 IST" duration-ms="18028" status="PASS">
          <reporter-output>
          </reporter-output>
        </test-method> <!-- entercouponcode -->
      </class> <!-- OpencartTestClass.TC001_Registeration -->
    </test> <!-- Test -->
  </suite> <!-- Suite -->
</testng-results>
