<?xml version="1.0" encoding="UTF-8"?>
<!-- Generated by org.testng.reporters.JUnitXMLReporter -->
<testsuite ignored="0" hostname="DESKTOP-6BF1I8Q" failures="0" tests="6" name="Test" time="74.358" errors="0" timestamp="2021-05-10T17:09:23 IST">
  <testcase classname="OpencartTestClass.TC001_Registeration" name="accountregister" time="9.18"/>
  <testcase classname="OpencartTestClass.TC001_Registeration" name="accountregistermismatch" time="12.071"/>
  <testcase classname="OpencartTestClass.TC001_Registeration" name="login" time="4.301"/>
  <testcase classname="OpencartTestClass.TC001_Registeration" name="Iphoneaddtocart" time="22.042"/>
  <testcase classname="OpencartTestClass.TC001_Registeration" name="HPlaptop" time="6.29"/>
  <testcase classname="OpencartTestClass.TC001_Registeration" name="entercouponcode" time="18.028"/>
</testsuite> <!-- Test -->
