<?xml version="1.0" encoding="UTF-8"?>
<testng-results ignored="0" total="6" passed="5" failed="1" skipped="0">
  <reporter-output>
    <line>
      <![CDATA[lumens website is opened]]>
    </line>
    <line>
      <![CDATA[google website is opened]]>
    </line>
  </reporter-output>
  <suite started-at="2021-05-12T15:36:05 IST" name="Suite" finished-at="2021-05-12T15:38:06 IST" duration-ms="121569">
    <groups>
    </groups>
    <test started-at="2021-05-12T15:36:05 IST" name="Test" finished-at="2021-05-12T15:38:06 IST" duration-ms="121569">
      <class name="com.opencart.tests.WishListTest">
        <test-method is-config="true" signature="launchingBrowser()[pri:0, instance:com.opencart.tests.WishListTest@72e5a8e]" started-at="2021-05-12T15:36:28 IST" name="launchingBrowser" finished-at="2021-05-12T15:36:36 IST" duration-ms="8017" status="PASS">
          <reporter-output>
          </reporter-output>
        </test-method> <!-- launchingBrowser -->
        <test-method signature="createAccountDetails()[pri:0, instance:com.opencart.tests.WishListTest@72e5a8e]" started-at="2021-05-12T15:37:29 IST" name="createAccountDetails" finished-at="2021-05-12T15:37:34 IST" duration-ms="4657" status="PASS">
          <reporter-output>
          </reporter-output>
        </test-method> <!-- createAccountDetails -->
      </class> <!-- com.opencart.tests.WishListTest -->
      <class name="com.opencart.tests.AccountFailureTest">
        <test-method is-config="true" signature="launchingBrowser()[pri:0, instance:com.opencart.tests.AccountFailureTest@d9345cd]" started-at="2021-05-12T15:36:05 IST" name="launchingBrowser" finished-at="2021-05-12T15:36:15 IST" duration-ms="10641" status="PASS">
          <reporter-output>
          </reporter-output>
        </test-method> <!-- launchingBrowser -->
        <test-method signature="createAccountDetails()[pri:0, instance:com.opencart.tests.AccountFailureTest@d9345cd]" started-at="2021-05-12T15:36:36 IST" name="createAccountDetails" finished-at="2021-05-12T15:36:40 IST" duration-ms="4022" status="PASS">
          <reporter-output>
          </reporter-output>
        </test-method> <!-- createAccountDetails -->
      </class> <!-- com.opencart.tests.AccountFailureTest -->
      <class name="com.opencart.prallelexecution.PrallelExecution">
        <test-method signature="verifyparallel()[pri:0, instance:com.opencart.prallelexecution.PrallelExecution@54e1c68b]" started-at="2021-05-12T15:37:34 IST" name="verifyparallel" finished-at="2021-05-12T15:37:52 IST" duration-ms="18489" status="PASS">
          <reporter-output>
            <line>
              <![CDATA[lumens website is opened]]>
            </line>
          </reporter-output>
        </test-method> <!-- verifyparallel -->
        <test-method signature="verifyparallel1()[pri:0, instance:com.opencart.prallelexecution.PrallelExecution@54e1c68b]" started-at="2021-05-12T15:37:52 IST" name="verifyparallel1" finished-at="2021-05-12T15:38:06 IST" duration-ms="14109" status="PASS">
          <reporter-output>
            <line>
              <![CDATA[google website is opened]]>
            </line>
          </reporter-output>
        </test-method> <!-- verifyparallel1 -->
      </class> <!-- com.opencart.prallelexecution.PrallelExecution -->
      <class name="com.opencart.tests.ClassTest">
        <test-method is-config="true" signature="launchingBrowser()[pri:0, instance:com.opencart.tests.ClassTest@7d4f9aae]" started-at="2021-05-12T15:36:15 IST" name="launchingBrowser" finished-at="2021-05-12T15:36:21 IST" duration-ms="6041" status="PASS">
          <reporter-output>
          </reporter-output>
        </test-method> <!-- launchingBrowser -->
        <test-method signature="createAccountDetails()[pri:0, instance:com.opencart.tests.ClassTest@7d4f9aae]" started-at="2021-05-12T15:37:07 IST" name="createAccountDetails" finished-at="2021-05-12T15:37:29 IST" duration-ms="22055" status="FAIL">
          <exception class="org.openqa.selenium.NoSuchElementException">
            <message>
              <![CDATA[no such element: Unable to locate element: {"method":"xpath","selector":"//input[@id='input-firstname']"}
  (Session info: chrome=90.0.4430.212)
For documentation on this error, please visit: http://seleniumhq.org/exceptions/no_such_element.html
Build info: version: '3.7.0', revision: '2321c73', time: '2017-11-02T22:22:35.584Z'
System info: host: 'DESKTOP-T5MNG6G', ip: '192.168.2.10', os.name: 'Windows 10', os.arch: 'amd64', os.version: '10.0', java.version: '15.0.2'
Driver info: org.openqa.selenium.chrome.ChromeDriver
Capabilities {acceptInsecureCerts: false, browserName: chrome, browserVersion: 90.0.4430.212, chrome: {chromedriverVersion: 89.0.4389.23 (61b08ee2c5002..., userDataDir: C:\Users\user\AppData\Local...}, goog:chromeOptions: {debuggerAddress: localhost:49162}, javascriptEnabled: true, networkConnectionEnabled: false, pageLoadStrategy: normal, platform: WINDOWS, platformName: WINDOWS, proxy: Proxy(), setWindowRect: true, strictFileInteractability: false, timeouts: {implicit: 0, pageLoad: 300000, script: 30000}, unhandledPromptBehavior: dismiss and notify, webauthn:extension:largeBlob: true, webauthn:virtualAuthenticators: true}
Session ID: 2d779f6f391423a9524ba555d493fb87
*** Element info: {Using=xpath, value=//input[@id='input-firstname']}]]>
            </message>
            <full-stacktrace>
              <![CDATA[org.openqa.selenium.NoSuchElementException: no such element: Unable to locate element: {"method":"xpath","selector":"//input[@id='input-firstname']"}
  (Session info: chrome=90.0.4430.212)
For documentation on this error, please visit: http://seleniumhq.org/exceptions/no_such_element.html
Build info: version: '3.7.0', revision: '2321c73', time: '2017-11-02T22:22:35.584Z'
System info: host: 'DESKTOP-T5MNG6G', ip: '192.168.2.10', os.name: 'Windows 10', os.arch: 'amd64', os.version: '10.0', java.version: '15.0.2'
Driver info: org.openqa.selenium.chrome.ChromeDriver
Capabilities {acceptInsecureCerts: false, browserName: chrome, browserVersion: 90.0.4430.212, chrome: {chromedriverVersion: 89.0.4389.23 (61b08ee2c5002..., userDataDir: C:\Users\user\AppData\Local...}, goog:chromeOptions: {debuggerAddress: localhost:49162}, javascriptEnabled: true, networkConnectionEnabled: false, pageLoadStrategy: normal, platform: WINDOWS, platformName: WINDOWS, proxy: Proxy(), setWindowRect: true, strictFileInteractability: false, timeouts: {implicit: 0, pageLoad: 300000, script: 30000}, unhandledPromptBehavior: dismiss and notify, webauthn:extension:largeBlob: true, webauthn:virtualAuthenticators: true}
Session ID: 2d779f6f391423a9524ba555d493fb87
*** Element info: {Using=xpath, value=//input[@id='input-firstname']}
at java.base/jdk.internal.reflect.NativeConstructorAccessorImpl.newInstance0(Native Method)
at java.base/jdk.internal.reflect.NativeConstructorAccessorImpl.newInstance(NativeConstructorAccessorImpl.java:64)
at java.base/jdk.internal.reflect.DelegatingConstructorAccessorImpl.newInstance(DelegatingConstructorAccessorImpl.java:45)
at java.base/java.lang.reflect.Constructor.newInstanceWithCaller(Constructor.java:500)
at java.base/java.lang.reflect.Constructor.newInstance(Constructor.java:481)
at org.openqa.selenium.remote.http.W3CHttpResponseCodec.createException(W3CHttpResponseCodec.java:187)
at org.openqa.selenium.remote.http.W3CHttpResponseCodec.decode(W3CHttpResponseCodec.java:122)
at org.openqa.selenium.remote.http.W3CHttpResponseCodec.decode(W3CHttpResponseCodec.java:49)
at org.openqa.selenium.remote.HttpCommandExecutor.execute(HttpCommandExecutor.java:164)
at org.openqa.selenium.remote.service.DriverCommandExecutor.execute(DriverCommandExecutor.java:83)
at org.openqa.selenium.remote.RemoteWebDriver.execute(RemoteWebDriver.java:600)
at org.openqa.selenium.remote.RemoteWebDriver.findElement(RemoteWebDriver.java:370)
at org.openqa.selenium.remote.RemoteWebDriver.findElementByXPath(RemoteWebDriver.java:472)
at org.openqa.selenium.By$ByXPath.findElement(By.java:361)
at org.openqa.selenium.remote.RemoteWebDriver.findElement(RemoteWebDriver.java:362)
at org.openqa.selenium.support.pagefactory.DefaultElementLocator.findElement(DefaultElementLocator.java:69)
at org.openqa.selenium.support.pagefactory.internal.LocatingElementHandler.invoke(LocatingElementHandler.java:38)
at com.sun.proxy.$Proxy11.sendKeys(Unknown Source)
at com.opencart.tests.ClassTest.createAccountDetails(ClassTest.java:34)
at java.base/jdk.internal.reflect.NativeMethodAccessorImpl.invoke0(Native Method)
at java.base/jdk.internal.reflect.NativeMethodAccessorImpl.invoke(NativeMethodAccessorImpl.java:64)
at java.base/jdk.internal.reflect.DelegatingMethodAccessorImpl.invoke(DelegatingMethodAccessorImpl.java:43)
at java.base/java.lang.reflect.Method.invoke(Method.java:564)
at org.testng.internal.MethodInvocationHelper.invokeMethod(MethodInvocationHelper.java:133)
at org.testng.internal.TestInvoker.invokeMethod(TestInvoker.java:598)
at org.testng.internal.TestInvoker.invokeTestMethod(TestInvoker.java:173)
at org.testng.internal.MethodRunner.runInSequence(MethodRunner.java:46)
at org.testng.internal.TestInvoker$MethodInvocationAgent.invoke(TestInvoker.java:824)
at org.testng.internal.TestInvoker.invokeTestMethods(TestInvoker.java:146)
at org.testng.internal.TestMethodWorker.invokeTestMethods(TestMethodWorker.java:146)
at org.testng.internal.TestMethodWorker.run(TestMethodWorker.java:128)
at java.base/java.util.ArrayList.forEach(ArrayList.java:1511)
at org.testng.TestRunner.privateRun(TestRunner.java:794)
at org.testng.TestRunner.run(TestRunner.java:596)
at org.testng.SuiteRunner.runTest(SuiteRunner.java:377)
at org.testng.SuiteRunner.runSequentially(SuiteRunner.java:371)
at org.testng.SuiteRunner.privateRun(SuiteRunner.java:332)
at org.testng.SuiteRunner.run(SuiteRunner.java:276)
at org.testng.SuiteRunnerWorker.runSuite(SuiteRunnerWorker.java:53)
at org.testng.SuiteRunnerWorker.run(SuiteRunnerWorker.java:96)
at org.testng.TestNG.runSuitesSequentially(TestNG.java:1212)
at org.testng.TestNG.runSuitesLocally(TestNG.java:1134)
at org.testng.TestNG.runSuites(TestNG.java:1063)
at org.testng.TestNG.run(TestNG.java:1031)
at org.testng.remote.AbstractRemoteTestNG.run(AbstractRemoteTestNG.java:115)
at org.testng.remote.RemoteTestNG.initAndRun(RemoteTestNG.java:251)
at org.testng.remote.RemoteTestNG.main(RemoteTestNG.java:77)
]]>
            </full-stacktrace>
          </exception> <!-- org.openqa.selenium.NoSuchElementException -->
          <reporter-output>
          </reporter-output>
        </test-method> <!-- createAccountDetails -->
      </class> <!-- com.opencart.tests.ClassTest -->
      <class name="com.opencart.tests.GuestCheckOutTest">
        <test-method is-config="true" signature="launchingBrowser()[pri:0, instance:com.opencart.tests.GuestCheckOutTest@506ae4d4]" started-at="2021-05-12T15:36:21 IST" name="launchingBrowser" finished-at="2021-05-12T15:36:28 IST" duration-ms="6582" status="PASS">
          <reporter-output>
          </reporter-output>
        </test-method> <!-- launchingBrowser -->
        <test-method signature="createAccountDetails()[pri:0, instance:com.opencart.tests.GuestCheckOutTest@506ae4d4]" started-at="2021-05-12T15:36:40 IST" name="createAccountDetails" finished-at="2021-05-12T15:37:07 IST" duration-ms="26710" status="PASS">
          <reporter-output>
          </reporter-output>
        </test-method> <!-- createAccountDetails -->
      </class> <!-- com.opencart.tests.GuestCheckOutTest -->
    </test> <!-- Test -->
  </suite> <!-- Suite -->
</testng-results>
